<?xml version="1.0" encoding="UTF-8"?>
<testsuite xmlns:xsi="http://www.w3.org/2001/XMLSchema-instance" xsi:noNamespaceSchemaLocation="https://maven.apache.org/surefire/maven-surefire-plugin/xsd/surefire-test-report.xsd" version="3.0.2" name="com.rmunyema.bookstore_api.BookstoreApiApplicationTests" time="1.923" tests="1" errors="0" skipped="0" failures="0">
  <properties>
[...]
</properties>
  <testcase name="contextLoads" classname="com.rmunyema.bookstore_api.BookstoreApiApplicationTests" time="0.267">
    <system-out><![CDATA[17:40:59.575 [main] INFO org.springframework.test.context.support.AnnotationConfigContextLoaderUtils -- Could not detect default configuration classes for test class [com.rmunyema.bookstore_api.BookstoreApiApplicationTests]: BookstoreApiApplicationTests does not declare any static, non-private, non-final, nested classes annotated with @Configuration.
17:40:59.617 [main] INFO org.springframework.boot.test.context.SpringBootTestContextBootstrapper -- Found @SpringBootConfiguration com.rmunyema.bookstore_api.BookstoreApiApplication for test class com.rmunyema.bookstore_api.BookstoreApiApplicationTests

  .   ____          _            __ _ _
 /\\ / ___'_ __ _ _(_)_ __  __ _ \ \ \ \
( ( )\___ | '_ | '_| | '_ \/ _` | \ \ \ \
 \\/  ___)| |_)| | | | | || (_| |  ) ) ) )
  '  |____| .__|_| |_|_| |_\__, | / / / /
 =========|_|==============|___/=/_/_/_/

 :: Spring Boot ::                (v3.4.3)

2025-03-21T17:40:59.792+02:00  INFO 75753 --- [           main] c.r.b.BookstoreApiApplicationTests       : Starting BookstoreApiApplicationTests using Java 22.0.2 with PID 75753 (started by richardmunyemana in /Users/richardmunyemana/Downloads/bookstore-api)
2025-03-21T17:40:59.792+02:00  INFO 75753 --- [           main] c.r.b.BookstoreApiApplicationTests       : No active profile set, falling back to 1 default profile: "default"
2025-03-21T17:41:00.028+02:00  INFO 75753 --- [           main] .s.d.r.c.RepositoryConfigurationDelegate : Bootstrapping Spring Data JPA repositories in DEFAULT mode.
2025-03-21T17:41:00.050+02:00  INFO 75753 --- [           main] .s.d.r.c.RepositoryConfigurationDelegate : Finished Spring Data repository scanning in 18 ms. Found 2 JPA repository interfaces.
2025-03-21T17:41:00.176+02:00 DEBUG 75753 --- [           main] com.zaxxer.hikari.HikariConfig           : Driver class com.mysql.cj.jdbc.Driver found in Thread context class loader jdk.internal.loader.ClassLoaders$AppClassLoader@43e45247
2025-03-21T17:41:00.215+02:00  INFO 75753 --- [           main] o.hibernate.jpa.internal.util.LogHelper  : HHH000204: Processing PersistenceUnitInfo [name: default]
2025-03-21T17:41:00.234+02:00  INFO 75753 --- [           main] org.hibernate.Version                    : HHH000412: Hibernate ORM core version 6.6.8.Final
2025-03-21T17:41:00.245+02:00  INFO 75753 --- [           main] o.h.c.internal.RegionFactoryInitiator    : HHH000026: Second-level cache disabled
2025-03-21T17:41:00.354+02:00  INFO 75753 --- [           main] o.s.o.j.p.SpringPersistenceUnitInfo      : No LoadTimeWeaver setup: ignoring JPA class transformer
2025-03-21T17:41:00.365+02:00 DEBUG 75753 --- [           main] com.zaxxer.hikari.HikariConfig           : HikariPool-1 - configuration:
2025-03-21T17:41:00.367+02:00 DEBUG 75753 --- [           main] com.zaxxer.hikari.HikariConfig           : allowPoolSuspension.............false
2025-03-21T17:41:00.367+02:00 DEBUG 75753 --- [           main] com.zaxxer.hikari.HikariConfig           : autoCommit......................true
2025-03-21T17:41:00.367+02:00 DEBUG 75753 --- [           main] com.zaxxer.hikari.HikariConfig           : catalog.........................none
2025-03-21T17:41:00.367+02:00 DEBUG 75753 --- [           main] com.zaxxer.hikari.HikariConfig           : connectionInitSql...............none
2025-03-21T17:41:00.367+02:00 DEBUG 75753 --- [           main] com.zaxxer.hikari.HikariConfig           : connectionTestQuery.............none
2025-03-21T17:41:00.368+02:00 DEBUG 75753 --- [           main] com.zaxxer.hikari.HikariConfig           : connectionTimeout...............20000
2025-03-21T17:41:00.368+02:00 DEBUG 75753 --- [           main] com.zaxxer.hikari.HikariConfig           : dataSource......................none
2025-03-21T17:41:00.368+02:00 DEBUG 75753 --- [           main] com.zaxxer.hikari.HikariConfig           : dataSourceClassName.............none
2025-03-21T17:41:00.368+02:00 DEBUG 75753 --- [           main] com.zaxxer.hikari.HikariConfig           : dataSourceJNDI..................none
2025-03-21T17:41:00.368+02:00 DEBUG 75753 --- [           main] com.zaxxer.hikari.HikariConfig           : dataSourceProperties............{password=<masked>}
2025-03-21T17:41:00.368+02:00 DEBUG 75753 --- [           main] com.zaxxer.hikari.HikariConfig           : driverClassName................."com.mysql.cj.jdbc.Driver"
2025-03-21T17:41:00.368+02:00 DEBUG 75753 --- [           main] com.zaxxer.hikari.HikariConfig           : exceptionOverrideClassName......none
2025-03-21T17:41:00.368+02:00 DEBUG 75753 --- [           main] com.zaxxer.hikari.HikariConfig           : healthCheckProperties...........{}
2025-03-21T17:41:00.368+02:00 DEBUG 75753 --- [           main] com.zaxxer.hikari.HikariConfig           : healthCheckRegistry.............none
2025-03-21T17:41:00.368+02:00 DEBUG 75753 --- [           main] com.zaxxer.hikari.HikariConfig           : idleTimeout.....................600000
2025-03-21T17:41:00.368+02:00 DEBUG 75753 --- [           main] com.zaxxer.hikari.HikariConfig           : initializationFailTimeout.......1
2025-03-21T17:41:00.369+02:00 DEBUG 75753 --- [           main] com.zaxxer.hikari.HikariConfig           : isolateInternalQueries..........false
2025-03-21T17:41:00.369+02:00 DEBUG 75753 --- [           main] com.zaxxer.hikari.HikariConfig           : jdbcUrl.........................jdbc:mysql://localhost:3306/bookstore?allowPublicKeyRetrieval=true&useSSL=false
2025-03-21T17:41:00.369+02:00 DEBUG 75753 --- [           main] com.zaxxer.hikari.HikariConfig           : keepaliveTime...................0
2025-03-21T17:41:00.369+02:00 DEBUG 75753 --- [           main] com.zaxxer.hikari.HikariConfig           : leakDetectionThreshold..........0
2025-03-21T17:41:00.369+02:00 DEBUG 75753 --- [           main] com.zaxxer.hikari.HikariConfig           : maxLifetime.....................1800000
2025-03-21T17:41:00.369+02:00 DEBUG 75753 --- [           main] com.zaxxer.hikari.HikariConfig           : maximumPoolSize.................5
2025-03-21T17:41:00.369+02:00 DEBUG 75753 --- [           main] com.zaxxer.hikari.HikariConfig           : metricRegistry..................none
2025-03-21T17:41:00.369+02:00 DEBUG 75753 --- [           main] com.zaxxer.hikari.HikariConfig           : metricsTrackerFactory...........none
2025-03-21T17:41:00.369+02:00 DEBUG 75753 --- [           main] com.zaxxer.hikari.HikariConfig           : minimumIdle.....................5
2025-03-21T17:41:00.369+02:00 DEBUG 75753 --- [           main] com.zaxxer.hikari.HikariConfig           : password........................<masked>
2025-03-21T17:41:00.369+02:00 DEBUG 75753 --- [           main] com.zaxxer.hikari.HikariConfig           : poolName........................"HikariPool-1"
2025-03-21T17:41:00.369+02:00 DEBUG 75753 --- [           main] com.zaxxer.hikari.HikariConfig           : readOnly........................false
2025-03-21T17:41:00.369+02:00 DEBUG 75753 --- [           main] com.zaxxer.hikari.HikariConfig           : registerMbeans..................false
2025-03-21T17:41:00.370+02:00 DEBUG 75753 --- [           main] com.zaxxer.hikari.HikariConfig           : scheduledExecutor...............none
2025-03-21T17:41:00.370+02:00 DEBUG 75753 --- [           main] com.zaxxer.hikari.HikariConfig           : schema..........................none
2025-03-21T17:41:00.370+02:00 DEBUG 75753 --- [           main] com.zaxxer.hikari.HikariConfig           : threadFactory...................internal
2025-03-21T17:41:00.370+02:00 DEBUG 75753 --- [           main] com.zaxxer.hikari.HikariConfig           : transactionIsolation............default
2025-03-21T17:41:00.370+02:00 DEBUG 75753 --- [           main] com.zaxxer.hikari.HikariConfig           : username........................"root"
2025-03-21T17:41:00.370+02:00 DEBUG 75753 --- [           main] com.zaxxer.hikari.HikariConfig           : validationTimeout...............5000
2025-03-21T17:41:00.370+02:00  INFO 75753 --- [           main] com.zaxxer.hikari.HikariDataSource       : HikariPool-1 - Starting...
2025-03-21T17:41:00.447+02:00  INFO 75753 --- [           main] com.zaxxer.hikari.pool.HikariPool        : HikariPool-1 - Added connection com.mysql.cj.jdbc.ConnectionImpl@218df7d6
2025-03-21T17:41:00.448+02:00  INFO 75753 --- [           main] com.zaxxer.hikari.HikariDataSource       : HikariPool-1 - Start completed.
2025-03-21T17:41:00.476+02:00  WARN 75753 --- [           main] org.hibernate.orm.deprecation            : HHH90000025: MySQLDialect does not need to be specified explicitly using 'hibernate.dialect' (remove the property setting and it will be selected by default)
2025-03-21T17:41:00.482+02:00  INFO 75753 --- [           main] org.hibernate.orm.connections.pooling    : HHH10001005: Database info:
	Database JDBC URL [Connecting through datasource 'HikariDataSource (HikariPool-1)']
	Database driver: undefined/unknown
	Database version: 8.2
	Autocommit mode: undefined/unknown
	Isolation level: undefined/unknown
	Minimum pool size: undefined/unknown
	Maximum pool size: undefined/unknown
2025-03-21T17:41:00.553+02:00 DEBUG 75753 --- [l-1 housekeeper] com.zaxxer.hikari.pool.HikariPool        : HikariPool-1 - Pool stats (total=1, active=0, idle=1, waiting=0)
2025-03-21T17:41:00.560+02:00 DEBUG 75753 --- [onnection adder] com.zaxxer.hikari.pool.HikariPool        : HikariPool-1 - Added connection com.mysql.cj.jdbc.ConnectionImpl@4c27bc1b
2025-03-21T17:41:00.596+02:00 DEBUG 75753 --- [onnection adder] com.zaxxer.hikari.pool.HikariPool        : HikariPool-1 - After adding stats (total=2, active=0, idle=2, waiting=0)
2025-03-21T17:41:00.599+02:00 DEBUG 75753 --- [onnection adder] com.zaxxer.hikari.pool.HikariPool        : HikariPool-1 - Added connection com.mysql.cj.jdbc.ConnectionImpl@4deb6456
2025-03-21T17:41:00.634+02:00 DEBUG 75753 --- [onnection adder] com.zaxxer.hikari.pool.HikariPool        : HikariPool-1 - After adding stats (total=3, active=0, idle=3, waiting=0)
2025-03-21T17:41:00.637+02:00 DEBUG 75753 --- [onnection adder] com.zaxxer.hikari.pool.HikariPool        : HikariPool-1 - Added connection com.mysql.cj.jdbc.ConnectionImpl@35465251
2025-03-21T17:41:00.667+02:00 DEBUG 75753 --- [onnection adder] com.zaxxer.hikari.pool.HikariPool        : HikariPool-1 - After adding stats (total=4, active=0, idle=4, waiting=0)
2025-03-21T17:41:00.670+02:00 DEBUG 75753 --- [onnection adder] com.zaxxer.hikari.pool.HikariPool        : HikariPool-1 - Added connection com.mysql.cj.jdbc.ConnectionImpl@7b6a494b
2025-03-21T17:41:00.705+02:00 DEBUG 75753 --- [onnection adder] com.zaxxer.hikari.pool.HikariPool        : HikariPool-1 - After adding stats (total=5, active=0, idle=5, waiting=0)
2025-03-21T17:41:00.804+02:00  INFO 75753 --- [           main] o.h.e.t.j.p.i.JtaPlatformInitiator       : HHH000489: No JTA platform available (set 'hibernate.transaction.jta.platform' to enable JTA platform integration)
2025-03-21T17:41:00.835+02:00  INFO 75753 --- [           main] j.LocalContainerEntityManagerFactoryBean : Initialized JPA EntityManagerFactory for persistence unit 'default'
2025-03-21T17:41:01.011+02:00  WARN 75753 --- [           main] JpaBaseConfiguration$JpaWebConfiguration : spring.jpa.open-in-view is enabled by default. Therefore, database queries may be performed during view rendering. Explicitly configure spring.jpa.open-in-view to disable this warning
2025-03-21T17:41:01.156+02:00  INFO 75753 --- [           main] c.r.b.BookstoreApiApplicationTests       : Started BookstoreApiApplicationTests in 1.488 seconds (process running for 1.866)
]]></system-out>
    <system-err><![CDATA[Mockito is currently self-attaching to enable the inline-mock-maker. This will no longer work in future releases of the JDK. Please add Mockito as an agent to your build what is described in Mockito's documentation: https://javadoc.io/doc/org.mockito/mockito-core/latest/org/mockito/Mockito.html#0.3
WARNING: A Java agent has been loaded dynamically (/Users/richardmunyemana/.m2/repository/net/bytebuddy/byte-buddy-agent/1.15.11/byte-buddy-agent-1.15.11.jar)
WARNING: If a serviceability tool is in use, please run with -XX:+EnableDynamicAgentLoading to hide this warning
WARNING: If a serviceability tool is not in use, please run with -Djdk.instrument.traceUsage for more information
WARNING: Dynamic loading of agents will be disallowed by default in a future release
]]></system-err>
  </testcase>
</testsuite>